<?xml version="1.0" encoding="UTF-8"?>
<!-- Generated by org.testng.reporters.JUnitXMLReporter -->
<testsuite ignored="0" hostname="LAPTOP-DEE6M2S6" failures="0" tests="2" name="Default test" time="27.962" errors="0" timestamp="08 Apr 2023 07:21:12 GMT">
  <testcase classname="com.demowebshop.userscript.BuyComputerAndCheckout" name="LoginTodemowebshop" time="4.801"/>
  <testcase classname="com.demowebshop.userscript.BuyComputerAndCheckout" name="AddComputerToShoppingCart" time="5.354"/>
</testsuite> <!-- Default test -->
